Image to Agon (PNG-to-Agon-binary file convertor) V1.0
Reading: painting.png
painting.png, 273x284, Rgb8
File painting.png has 15 unique colors (maximum is 63).
; Palette entries by index:
;           Agon            Dec Hex:   R G B
;
begin_palette_table:
    DB    000H,000H,000H  ; 000 000H:  0 0 0 (FREE)
    DB    0FFH,000H,000H  ; 001 001H:  3 0 0
    DB    055H,0FFH,000H  ; 002 002H:  1 3 0
    DB    000H,0AAH,000H  ; 003 003H:  0 2 0
    DB    0AAH,0AAH,000H  ; 004 004H:  2 2 0
    DB    000H,000H,0FFH  ; 005 005H:  0 0 3
    DB    0AAH,0AAH,055H  ; 006 006H:  2 2 1
    DB    000H,0FFH,000H  ; 007 007H:  0 3 0
    DB    0AAH,055H,000H  ; 008 008H:  2 1 0
    DB    055H,0AAH,000H  ; 009 009H:  1 2 0
    DB    000H,055H,000H  ; 010 00aH:  0 1 0
    DB    0AAH,000H,000H  ; 011 00bH:  2 0 0
    DB    055H,000H,0FFH  ; 012 00cH:  1 0 3
    DB    000H,000H,000H  ; 013 00dH:  0 0 0
    DB    055H,000H,000H  ; 014 00eH:  1 0 0
    DB    0FFH,055H,000H  ; 015 00fH:  3 1 0
    DB    000H,000H,000H  ; 016 010H:  0 0 0 (FREE)
    DB    000H,000H,000H  ; 017 011H:  0 0 0 (FREE)
    DB    000H,000H,000H  ; 018 012H:  0 0 0 (FREE)
    DB    000H,000H,000H  ; 019 013H:  0 0 0 (FREE)
    DB    000H,000H,000H  ; 020 014H:  0 0 0 (FREE)
    DB    000H,000H,000H  ; 021 015H:  0 0 0 (FREE)
    DB    000H,000H,000H  ; 022 016H:  0 0 0 (FREE)
    DB    000H,000H,000H  ; 023 017H:  0 0 0 (FREE)
    DB    000H,000H,000H  ; 024 018H:  0 0 0 (FREE)
    DB    000H,000H,000H  ; 025 019H:  0 0 0 (FREE)
    DB    000H,000H,000H  ; 026 01aH:  0 0 0 (FREE)
    DB    000H,000H,000H  ; 027 01bH:  0 0 0 (FREE)
    DB    000H,000H,000H  ; 028 01cH:  0 0 0 (FREE)
    DB    000H,000H,000H  ; 029 01dH:  0 0 0 (FREE)
    DB    000H,000H,000H  ; 030 01eH:  0 0 0 (FREE)
    DB    000H,000H,000H  ; 031 01fH:  0 0 0 (FREE)
    DB    000H,000H,000H  ; 032 020H:  0 0 0 (FREE)
    DB    000H,000H,000H  ; 033 021H:  0 0 0 (FREE)
    DB    000H,000H,000H  ; 034 022H:  0 0 0 (FREE)
    DB    000H,000H,000H  ; 035 023H:  0 0 0 (FREE)
    DB    000H,000H,000H  ; 036 024H:  0 0 0 (FREE)
    DB    000H,000H,000H  ; 037 025H:  0 0 0 (FREE)
    DB    000H,000H,000H  ; 038 026H:  0 0 0 (FREE)
    DB    000H,000H,000H  ; 039 027H:  0 0 0 (FREE)
    DB    000H,000H,000H  ; 040 028H:  0 0 0 (FREE)
    DB    000H,000H,000H  ; 041 029H:  0 0 0 (FREE)
    DB    000H,000H,000H  ; 042 02aH:  0 0 0 (FREE)
    DB    000H,000H,000H  ; 043 02bH:  0 0 0 (FREE)
    DB    000H,000H,000H  ; 044 02cH:  0 0 0 (FREE)
    DB    000H,000H,000H  ; 045 02dH:  0 0 0 (FREE)
    DB    000H,000H,000H  ; 046 02eH:  0 0 0 (FREE)
    DB    000H,000H,000H  ; 047 02fH:  0 0 0 (FREE)
    DB    000H,000H,000H  ; 048 030H:  0 0 0 (FREE)
    DB    000H,000H,000H  ; 049 031H:  0 0 0 (FREE)
    DB    000H,000H,000H  ; 050 032H:  0 0 0 (FREE)
    DB    000H,000H,000H  ; 051 033H:  0 0 0 (FREE)
    DB    000H,000H,000H  ; 052 034H:  0 0 0 (FREE)
    DB    000H,000H,000H  ; 053 035H:  0 0 0 (FREE)
    DB    000H,000H,000H  ; 054 036H:  0 0 0 (FREE)
    DB    000H,000H,000H  ; 055 037H:  0 0 0 (FREE)
    DB    000H,000H,000H  ; 056 038H:  0 0 0 (FREE)
    DB    000H,000H,000H  ; 057 039H:  0 0 0 (FREE)
    DB    000H,000H,000H  ; 058 03aH:  0 0 0 (FREE)
    DB    000H,000H,000H  ; 059 03bH:  0 0 0 (FREE)
    DB    000H,000H,000H  ; 060 03cH:  0 0 0 (FREE)
    DB    000H,000H,000H  ; 061 03dH:  0 0 0 (FREE)
    DB    000H,000H,000H  ; 062 03eH:  0 0 0 (FREE)
    DB    000H,000H,000H  ; 063 03fH:  0 0 0 (FREE)
end_palette_table:

Wrote file (PAINTING.BIN) as 76800 bytes.
Wrote RGB file (PAINTING.BIN.RGB) as 230400 bytes.
Wrote file (PALETTE.BIN) as 192 bytes.

Relative Memory Map

Start  End    Size   Width Height Path/Name
------ ------ ------ ----- ------ ----------------------------------
00000H 12bffH  76800   320   240  painting.png
