Image to Agon (PNG-to-Agon-binary file convertor) V1.3
Reading: monochrome.png
Reading: seq08.png
Reading: seq16.png
Reading: seq32.png
Reading: seq64.png
monochrome.png, 13x13, Rgba8
File monochrome.png has 1 unique colors (maximum is 1).
seq08.png, 8x96, Rgba8
File seq08.png has 8 unique colors (maximum is 64).
seq16.png, 16x192, Rgba8
File seq16.png has 11 unique colors (maximum is 64).
seq32.png, 32x384, Rgba8
File seq32.png has 13 unique colors (maximum is 64).
seq64.png, 64x768, Rgba8
File seq64.png has 16 unique colors (maximum is 64).
; Palette entries by index:
;           Agon            Dec Hex:   R G B
;
begin_palette_table:
    DB    000H,000H,000H  ; 000 000H:  0 0 0 (FREE)
    DB    0FFH,0FFH,0FFH  ; 001 001H:  3 3 3
    DB    0FFH,000H,000H  ; 002 002H:  3 0 0
    DB    055H,000H,000H  ; 003 003H:  1 0 0
    DB    0AAH,000H,000H  ; 004 004H:  2 0 0
    DB    0AAH,000H,055H  ; 005 005H:  2 0 1
    DB    0FFH,000H,055H  ; 006 006H:  3 0 1
    DB    0FFH,055H,0AAH  ; 007 007H:  3 1 2
    DB    0AAH,055H,000H  ; 008 008H:  2 1 0
    DB    0FFH,055H,055H  ; 009 009H:  3 1 1
    DB    0FFH,0AAH,0AAH  ; 010 00aH:  3 2 2
    DB    0AAH,0AAH,000H  ; 011 00bH:  2 2 0
    DB    055H,055H,000H  ; 012 00cH:  1 1 0
    DB    000H,000H,000H  ; 013 00dH:  0 0 0
    DB    0FFH,055H,000H  ; 014 00eH:  3 1 0
    DB    0FFH,0AAH,055H  ; 015 00fH:  3 2 1
    DB    055H,0AAH,000H  ; 016 010H:  1 2 0
    DB    0AAH,0FFH,000H  ; 017 011H:  2 3 0
    DB    000H,000H,000H  ; 018 012H:  0 0 0 (FREE)
    DB    000H,000H,000H  ; 019 013H:  0 0 0 (FREE)
    DB    000H,000H,000H  ; 020 014H:  0 0 0 (FREE)
    DB    000H,000H,000H  ; 021 015H:  0 0 0 (FREE)
    DB    000H,000H,000H  ; 022 016H:  0 0 0 (FREE)
    DB    000H,000H,000H  ; 023 017H:  0 0 0 (FREE)
    DB    000H,000H,000H  ; 024 018H:  0 0 0 (FREE)
    DB    000H,000H,000H  ; 025 019H:  0 0 0 (FREE)
    DB    000H,000H,000H  ; 026 01aH:  0 0 0 (FREE)
    DB    000H,000H,000H  ; 027 01bH:  0 0 0 (FREE)
    DB    000H,000H,000H  ; 028 01cH:  0 0 0 (FREE)
    DB    000H,000H,000H  ; 029 01dH:  0 0 0 (FREE)
    DB    000H,000H,000H  ; 030 01eH:  0 0 0 (FREE)
    DB    000H,000H,000H  ; 031 01fH:  0 0 0 (FREE)
    DB    000H,000H,000H  ; 032 020H:  0 0 0 (FREE)
    DB    000H,000H,000H  ; 033 021H:  0 0 0 (FREE)
    DB    000H,000H,000H  ; 034 022H:  0 0 0 (FREE)
    DB    000H,000H,000H  ; 035 023H:  0 0 0 (FREE)
    DB    000H,000H,000H  ; 036 024H:  0 0 0 (FREE)
    DB    000H,000H,000H  ; 037 025H:  0 0 0 (FREE)
    DB    000H,000H,000H  ; 038 026H:  0 0 0 (FREE)
    DB    000H,000H,000H  ; 039 027H:  0 0 0 (FREE)
    DB    000H,000H,000H  ; 040 028H:  0 0 0 (FREE)
    DB    000H,000H,000H  ; 041 029H:  0 0 0 (FREE)
    DB    000H,000H,000H  ; 042 02aH:  0 0 0 (FREE)
    DB    000H,000H,000H  ; 043 02bH:  0 0 0 (FREE)
    DB    000H,000H,000H  ; 044 02cH:  0 0 0 (FREE)
    DB    000H,000H,000H  ; 045 02dH:  0 0 0 (FREE)
    DB    000H,000H,000H  ; 046 02eH:  0 0 0 (FREE)
    DB    000H,000H,000H  ; 047 02fH:  0 0 0 (FREE)
    DB    000H,000H,000H  ; 048 030H:  0 0 0 (FREE)
    DB    000H,000H,000H  ; 049 031H:  0 0 0 (FREE)
    DB    000H,000H,000H  ; 050 032H:  0 0 0 (FREE)
    DB    000H,000H,000H  ; 051 033H:  0 0 0 (FREE)
    DB    000H,000H,000H  ; 052 034H:  0 0 0 (FREE)
    DB    000H,000H,000H  ; 053 035H:  0 0 0 (FREE)
    DB    000H,000H,000H  ; 054 036H:  0 0 0 (FREE)
    DB    000H,000H,000H  ; 055 037H:  0 0 0 (FREE)
    DB    000H,000H,000H  ; 056 038H:  0 0 0 (FREE)
    DB    000H,000H,000H  ; 057 039H:  0 0 0 (FREE)
    DB    000H,000H,000H  ; 058 03aH:  0 0 0 (FREE)
    DB    000H,000H,000H  ; 059 03bH:  0 0 0 (FREE)
    DB    000H,000H,000H  ; 060 03cH:  0 0 0 (FREE)
    DB    000H,000H,000H  ; 061 03dH:  0 0 0 (FREE)
    DB    000H,000H,000H  ; 062 03eH:  0 0 0 (FREE)
    DB    000H,000H,000H  ; 063 03fH:  0 0 0 (FREE)
end_palette_table:


---monochrome.png---

Wrote file (MONOCHROME.BIN) as 26 bytes.
Wrote RGB file (MONOCHROME.BIN.RGB) as 507 bytes.

---seq08.png---

Wrote file (SEQ08.BIN) as 768 bytes.
Wrote RGB file (SEQ08.BIN.RGB) as 2304 bytes.

---seq16.png---

Wrote file (SEQ16.BIN) as 3072 bytes.
Wrote RGB file (SEQ16.BIN.RGB) as 9216 bytes.

---seq32.png---

Wrote file (SEQ32.BIN) as 12288 bytes.
Wrote RGB file (SEQ32.BIN.RGB) as 36864 bytes.

---seq64.png---

Wrote file (SEQ64.BIN) as 49152 bytes.
Wrote RGB file (SEQ64.BIN.RGB) as 147456 bytes.
Wrote file (PALETTE.BIN) as 192 bytes.

Relative Memory Map

Start  End    Size   Width Height Path/Name
------ ------ ------ ----- ------ ----------------------------------
00000H 00019H     26    13    13  monochrome.png
0001aH 00319H    768     8    96  seq08.png
0031aH 00f19H   3072    16   192  seq16.png
00f1aH 03f19H  12288    32   384  seq32.png
03f1aH 0ff19H  49152    64   768  seq64.png
